This is pdfTeX, Version 3.1415926-2.5-1.40.14 (TeX Live 2013/Debian) (format=pdflatex 2015.8.10)  13 JUN 2018 10:09
entering extended mode
 restricted \write18 enabled.
 %&-line parsing enabled.
**Relatorio.tex
(./Relatorio.tex
LaTeX2e <2011/06/27>
Babel <3.9h> and hyphenation patterns for 78 languages loaded.
(/usr/share/texlive/texmf-dist/tex/latex/base/report.cls
Document Class: report 2007/10/19 v1.4h Standard LaTeX document class
(/usr/share/texlive/texmf-dist/tex/latex/base/size10.clo
File: size10.clo 2007/10/19 v1.4h Standard LaTeX file (size option)
)
\c@part=\count79
\c@chapter=\count80
\c@section=\count81
\c@subsection=\count82
\c@subsubsection=\count83
\c@paragraph=\count84
\c@subparagraph=\count85
\c@figure=\count86
\c@table=\count87
\abovecaptionskip=\skip41
\belowcaptionskip=\skip42
\bibindent=\dimen102
)
(/usr/share/texlive/texmf-dist/tex/latex/amsmath/amsmath.sty
Package: amsmath 2013/01/14 v2.14 AMS math features
\@mathmargin=\skip43

For additional information on amsmath, use the `?' option.
(/usr/share/texlive/texmf-dist/tex/latex/amsmath/amstext.sty
Package: amstext 2000/06/29 v2.01

(/usr/share/texlive/texmf-dist/tex/latex/amsmath/amsgen.sty
File: amsgen.sty 1999/11/30 v2.0
\@emptytoks=\toks14
\ex@=\dimen103
))
(/usr/share/texlive/texmf-dist/tex/latex/amsmath/amsbsy.sty
Package: amsbsy 1999/11/29 v1.2d
\pmbraise@=\dimen104
)
(/usr/share/texlive/texmf-dist/tex/latex/amsmath/amsopn.sty
Package: amsopn 1999/12/14 v2.01 operator names
)
\inf@bad=\count88
LaTeX Info: Redefining \frac on input line 210.
\uproot@=\count89
\leftroot@=\count90
LaTeX Info: Redefining \overline on input line 306.
\classnum@=\count91
\DOTSCASE@=\count92
LaTeX Info: Redefining \ldots on input line 378.
LaTeX Info: Redefining \dots on input line 381.
LaTeX Info: Redefining \cdots on input line 466.
\Mathstrutbox@=\box26
\strutbox@=\box27
\big@size=\dimen105
LaTeX Font Info:    Redeclaring font encoding OML on input line 566.
LaTeX Font Info:    Redeclaring font encoding OMS on input line 567.
\macc@depth=\count93
\c@MaxMatrixCols=\count94
\dotsspace@=\muskip10
\c@parentequation=\count95
\dspbrk@lvl=\count96
\tag@help=\toks15
\row@=\count97
\column@=\count98
\maxfields@=\count99
\andhelp@=\toks16
\eqnshift@=\dimen106
\alignsep@=\dimen107
\tagshift@=\dimen108
\tagwidth@=\dimen109
\totwidth@=\dimen110
\lineht@=\dimen111
\@envbody=\toks17
\multlinegap=\skip44
\multlinetaggap=\skip45
\mathdisplay@stack=\toks18
LaTeX Info: Redefining \[ on input line 2665.
LaTeX Info: Redefining \] on input line 2666.
)
(/usr/share/texlive/texmf-dist/tex/latex/geometry/geometry.sty
Package: geometry 2010/09/12 v5.6 Page Geometry

(/usr/share/texlive/texmf-dist/tex/latex/graphics/keyval.sty
Package: keyval 1999/03/16 v1.13 key=value parser (DPC)
\KV@toks@=\toks19
)
(/usr/share/texlive/texmf-dist/tex/generic/oberdiek/ifpdf.sty
Package: ifpdf 2011/01/30 v2.3 Provides the ifpdf switch (HO)
Package ifpdf Info: pdfTeX in PDF mode is detected.
)
(/usr/share/texlive/texmf-dist/tex/generic/oberdiek/ifvtex.sty
Package: ifvtex 2010/03/01 v1.5 Detect VTeX and its facilities (HO)
Package ifvtex Info: VTeX not detected.
)
(/usr/share/texlive/texmf-dist/tex/generic/ifxetex/ifxetex.sty
Package: ifxetex 2010/09/12 v0.6 Provides ifxetex conditional
)
\Gm@cnth=\count100
\Gm@cntv=\count101
\c@Gm@tempcnt=\count102
\Gm@bindingoffset=\dimen112
\Gm@wd@mp=\dimen113
\Gm@odd@mp=\dimen114
\Gm@even@mp=\dimen115
\Gm@layoutwidth=\dimen116
\Gm@layoutheight=\dimen117
\Gm@layouthoffset=\dimen118
\Gm@layoutvoffset=\dimen119
\Gm@dimlist=\toks20
)
(/usr/share/texlive/texmf-dist/tex/latex/graphics/graphicx.sty
Package: graphicx 1999/02/16 v1.0f Enhanced LaTeX Graphics (DPC,SPQR)

(/usr/share/texlive/texmf-dist/tex/latex/graphics/graphics.sty
Package: graphics 2009/02/05 v1.0o Standard LaTeX Graphics (DPC,SPQR)

(/usr/share/texlive/texmf-dist/tex/latex/graphics/trig.sty
Package: trig 1999/03/16 v1.09 sin cos tan (DPC)
)
(/usr/share/texlive/texmf-dist/tex/latex/latexconfig/graphics.cfg
File: graphics.cfg 2010/04/23 v1.9 graphics configuration of TeX Live
)
Package graphics Info: Driver file: pdftex.def on input line 91.

(/usr/share/texlive/texmf-dist/tex/latex/pdftex-def/pdftex.def
File: pdftex.def 2011/05/27 v0.06d Graphics/color for pdfTeX

(/usr/share/texlive/texmf-dist/tex/generic/oberdiek/infwarerr.sty
Package: infwarerr 2010/04/08 v1.3 Providing info/warning/error messages (HO)
)
(/usr/share/texlive/texmf-dist/tex/generic/oberdiek/ltxcmds.sty
Package: ltxcmds 2011/11/09 v1.22 LaTeX kernel commands for general use (HO)
)
\Gread@gobject=\count103
))
\Gin@req@height=\dimen120
\Gin@req@width=\dimen121
)
(/usr/share/texlive/texmf-dist/tex/generic/babel/babel.sty
Package: babel 2013/12/03 3.9h The Babel package

(/usr/share/texlive/texmf-dist/tex/generic/babel-portuges/portuges.ldf
Language: portuges 2008/03/18 v1.2q Portuguese support from the babel system

(/usr/share/texlive/texmf-dist/tex/generic/babel/babel.def
File: babel.def 2013/12/03 3.9h Babel common definitions
\babel@savecnt=\count104
\U@D=\dimen122
)
Package babel Info: Making " an active character on input line 145.
))
(/usr/share/texlive/texmf-dist/tex/latex/base/inputenc.sty
Package: inputenc 2008/03/30 v1.1d Input encoding file
\inpenc@prehook=\toks21
\inpenc@posthook=\toks22

(/usr/share/texlive/texmf-dist/tex/latex/base/utf8.def
File: utf8.def 2008/04/05 v1.1m UTF-8 support for inputenc
Now handling font encoding OML ...
... no UTF-8 mapping file for font encoding OML
Now handling font encoding T1 ...
... processing UTF-8 mapping file for font encoding T1

(/usr/share/texlive/texmf-dist/tex/latex/base/t1enc.dfu
File: t1enc.dfu 2008/04/05 v1.1m UTF-8 support for inputenc
   defining Unicode char U+00A1 (decimal 161)
   defining Unicode char U+00A3 (decimal 163)
   defining Unicode char U+00AB (decimal 171)
   defining Unicode char U+00BB (decimal 187)
   defining Unicode char U+00BF (decimal 191)
   defining Unicode char U+00C0 (decimal 192)
   defining Unicode char U+00C1 (decimal 193)
   defining Unicode char U+00C2 (decimal 194)
   defining Unicode char U+00C3 (decimal 195)
   defining Unicode char U+00C4 (decimal 196)
   defining Unicode char U+00C5 (decimal 197)
   defining Unicode char U+00C6 (decimal 198)
   defining Unicode char U+00C7 (decimal 199)
   defining Unicode char U+00C8 (decimal 200)
   defining Unicode char U+00C9 (decimal 201)
   defining Unicode char U+00CA (decimal 202)
   defining Unicode char U+00CB (decimal 203)
   defining Unicode char U+00CC (decimal 204)
   defining Unicode char U+00CD (decimal 205)
   defining Unicode char U+00CE (decimal 206)
   defining Unicode char U+00CF (decimal 207)
   defining Unicode char U+00D0 (decimal 208)
   defining Unicode char U+00D1 (decimal 209)
   defining Unicode char U+00D2 (decimal 210)
   defining Unicode char U+00D3 (decimal 211)
   defining Unicode char U+00D4 (decimal 212)
   defining Unicode char U+00D5 (decimal 213)
   defining Unicode char U+00D6 (decimal 214)
   defining Unicode char U+00D8 (decimal 216)
   defining Unicode char U+00D9 (decimal 217)
   defining Unicode char U+00DA (decimal 218)
   defining Unicode char U+00DB (decimal 219)
   defining Unicode char U+00DC (decimal 220)
   defining Unicode char U+00DD (decimal 221)
   defining Unicode char U+00DE (decimal 222)
   defining Unicode char U+00DF (decimal 223)
   defining Unicode char U+00E0 (decimal 224)
   defining Unicode char U+00E1 (decimal 225)
   defining Unicode char U+00E2 (decimal 226)
   defining Unicode char U+00E3 (decimal 227)
   defining Unicode char U+00E4 (decimal 228)
   defining Unicode char U+00E5 (decimal 229)
   defining Unicode char U+00E6 (decimal 230)
   defining Unicode char U+00E7 (decimal 231)
   defining Unicode char U+00E8 (decimal 232)
   defining Unicode char U+00E9 (decimal 233)
   defining Unicode char U+00EA (decimal 234)
   defining Unicode char U+00EB (decimal 235)
   defining Unicode char U+00EC (decimal 236)
   defining Unicode char U+00ED (decimal 237)
   defining Unicode char U+00EE (decimal 238)
   defining Unicode char U+00EF (decimal 239)
   defining Unicode char U+00F0 (decimal 240)
   defining Unicode char U+00F1 (decimal 241)
   defining Unicode char U+00F2 (decimal 242)
   defining Unicode char U+00F3 (decimal 243)
   defining Unicode char U+00F4 (decimal 244)
   defining Unicode char U+00F5 (decimal 245)
   defining Unicode char U+00F6 (decimal 246)
   defining Unicode char U+00F8 (decimal 248)
   defining Unicode char U+00F9 (decimal 249)
   defining Unicode char U+00FA (decimal 250)
   defining Unicode char U+00FB (decimal 251)
   defining Unicode char U+00FC (decimal 252)
   defining Unicode char U+00FD (decimal 253)
   defining Unicode char U+00FE (decimal 254)
   defining Unicode char U+00FF (decimal 255)
   defining Unicode char U+0102 (decimal 258)
   defining Unicode char U+0103 (decimal 259)
   defining Unicode char U+0104 (decimal 260)
   defining Unicode char U+0105 (decimal 261)
   defining Unicode char U+0106 (decimal 262)
   defining Unicode char U+0107 (decimal 263)
   defining Unicode char U+010C (decimal 268)
   defining Unicode char U+010D (decimal 269)
   defining Unicode char U+010E (decimal 270)
   defining Unicode char U+010F (decimal 271)
   defining Unicode char U+0110 (decimal 272)
   defining Unicode char U+0111 (decimal 273)
   defining Unicode char U+0118 (decimal 280)
   defining Unicode char U+0119 (decimal 281)
   defining Unicode char U+011A (decimal 282)
   defining Unicode char U+011B (decimal 283)
   defining Unicode char U+011E (decimal 286)
   defining Unicode char U+011F (decimal 287)
   defining Unicode char U+0130 (decimal 304)
   defining Unicode char U+0131 (decimal 305)
   defining Unicode char U+0132 (decimal 306)
   defining Unicode char U+0133 (decimal 307)
   defining Unicode char U+0139 (decimal 313)
   defining Unicode char U+013A (decimal 314)
   defining Unicode char U+013D (decimal 317)
   defining Unicode char U+013E (decimal 318)
   defining Unicode char U+0141 (decimal 321)
   defining Unicode char U+0142 (decimal 322)
   defining Unicode char U+0143 (decimal 323)
   defining Unicode char U+0144 (decimal 324)
   defining Unicode char U+0147 (decimal 327)
   defining Unicode char U+0148 (decimal 328)
   defining Unicode char U+014A (decimal 330)
   defining Unicode char U+014B (decimal 331)
   defining Unicode char U+0150 (decimal 336)
   defining Unicode char U+0151 (decimal 337)
   defining Unicode char U+0152 (decimal 338)
   defining Unicode char U+0153 (decimal 339)
   defining Unicode char U+0154 (decimal 340)
   defining Unicode char U+0155 (decimal 341)
   defining Unicode char U+0158 (decimal 344)
   defining Unicode char U+0159 (decimal 345)
   defining Unicode char U+015A (decimal 346)
   defining Unicode char U+015B (decimal 347)
   defining Unicode char U+015E (decimal 350)
   defining Unicode char U+015F (decimal 351)
   defining Unicode char U+0160 (decimal 352)
   defining Unicode char U+0161 (decimal 353)
   defining Unicode char U+0162 (decimal 354)
   defining Unicode char U+0163 (decimal 355)
   defining Unicode char U+0164 (decimal 356)
   defining Unicode char U+0165 (decimal 357)
   defining Unicode char U+016E (decimal 366)
   defining Unicode char U+016F (decimal 367)
   defining Unicode char U+0170 (decimal 368)
   defining Unicode char U+0171 (decimal 369)
   defining Unicode char U+0178 (decimal 376)
   defining Unicode char U+0179 (decimal 377)
   defining Unicode char U+017A (decimal 378)
   defining Unicode char U+017B (decimal 379)
   defining Unicode char U+017C (decimal 380)
   defining Unicode char U+017D (decimal 381)
   defining Unicode char U+017E (decimal 382)
   defining Unicode char U+200C (decimal 8204)
   defining Unicode char U+2013 (decimal 8211)
   defining Unicode char U+2014 (decimal 8212)
   defining Unicode char U+2018 (decimal 8216)
   defining Unicode char U+2019 (decimal 8217)
   defining Unicode char U+201A (decimal 8218)
   defining Unicode char U+201C (decimal 8220)
   defining Unicode char U+201D (decimal 8221)
   defining Unicode char U+201E (decimal 8222)
   defining Unicode char U+2030 (decimal 8240)
   defining Unicode char U+2031 (decimal 8241)
   defining Unicode char U+2039 (decimal 8249)
   defining Unicode char U+203A (decimal 8250)
   defining Unicode char U+2423 (decimal 9251)
)
Now handling font encoding OT1 ...
... processing UTF-8 mapping file for font encoding OT1

(/usr/share/texlive/texmf-dist/tex/latex/base/ot1enc.dfu
File: ot1enc.dfu 2008/04/05 v1.1m UTF-8 support for inputenc
   defining Unicode char U+00A1 (decimal 161)
   defining Unicode char U+00A3 (decimal 163)
   defining Unicode char U+00B8 (decimal 184)
   defining Unicode char U+00BF (decimal 191)
   defining Unicode char U+00C5 (decimal 197)
   defining Unicode char U+00C6 (decimal 198)
   defining Unicode char U+00D8 (decimal 216)
   defining Unicode char U+00DF (decimal 223)
   defining Unicode char U+00E6 (decimal 230)
   defining Unicode char U+00EC (decimal 236)
   defining Unicode char U+00ED (decimal 237)
   defining Unicode char U+00EE (decimal 238)
   defining Unicode char U+00EF (decimal 239)
   defining Unicode char U+00F8 (decimal 248)
   defining Unicode char U+0131 (decimal 305)
   defining Unicode char U+0141 (decimal 321)
   defining Unicode char U+0142 (decimal 322)
   defining Unicode char U+0152 (decimal 338)
   defining Unicode char U+0153 (decimal 339)
   defining Unicode char U+2013 (decimal 8211)
   defining Unicode char U+2014 (decimal 8212)
   defining Unicode char U+2018 (decimal 8216)
   defining Unicode char U+2019 (decimal 8217)
   defining Unicode char U+201C (decimal 8220)
   defining Unicode char U+201D (decimal 8221)
)
Now handling font encoding OMS ...
... processing UTF-8 mapping file for font encoding OMS

(/usr/share/texlive/texmf-dist/tex/latex/base/omsenc.dfu
File: omsenc.dfu 2008/04/05 v1.1m UTF-8 support for inputenc
   defining Unicode char U+00A7 (decimal 167)
   defining Unicode char U+00B6 (decimal 182)
   defining Unicode char U+00B7 (decimal 183)
   defining Unicode char U+2020 (decimal 8224)
   defining Unicode char U+2021 (decimal 8225)
   defining Unicode char U+2022 (decimal 8226)
)
Now handling font encoding OMX ...
... no UTF-8 mapping file for font encoding OMX
Now handling font encoding U ...
... no UTF-8 mapping file for font encoding U
   defining Unicode char U+00A9 (decimal 169)
   defining Unicode char U+00AA (decimal 170)
   defining Unicode char U+00AE (decimal 174)
   defining Unicode char U+00BA (decimal 186)
   defining Unicode char U+02C6 (decimal 710)
   defining Unicode char U+02DC (decimal 732)
   defining Unicode char U+200C (decimal 8204)
   defining Unicode char U+2026 (decimal 8230)
   defining Unicode char U+2122 (decimal 8482)
   defining Unicode char U+2423 (decimal 9251)
))
(/usr/share/texlive/texmf-dist/tex/latex/sidecap/sidecap.sty
Package: sidecap 2003/06/06 v1.6f SideCap Package (RN/HjG)

(/usr/share/texlive/texmf-dist/tex/latex/base/ifthen.sty
Package: ifthen 2001/05/26 v1.1c Standard LaTeX ifthen package (DPC)
)
\SC@BOXWD=\dimen123
\SC@CAPWD=\dimen124
\SC@tempdima=\dimen125
\SC@tempdimb=\dimen126
\c@SC@C=\count105
\SC@BOX=\box28
)
(/usr/share/texlive/texmf-dist/tex/latex/subfigure/subfigure.sty
Package: subfigure 2002/03/15 v2.1.5 subfigure package
\subfigtopskip=\skip46
\subfigcapskip=\skip47
\subfigcaptopadj=\dimen127
\subfigbottomskip=\skip48
\subfigcapmargin=\dimen128
\subfiglabelskip=\skip49
\c@subfigure=\count106
\c@lofdepth=\count107
\c@subtable=\count108
\c@lotdepth=\count109

****************************************
* Local config file subfigure.cfg used *
****************************************
(/usr/share/texlive/texmf-dist/tex/latex/subfigure/subfigure.cfg)
\subfig@top=\skip50
\subfig@bottom=\skip51
)

LaTeX Warning: Unused global option(s):
    [a4wide].

(./Relatorio.aux)
\openout1 = `Relatorio.aux'.

LaTeX Font Info:    Checking defaults for OML/cmm/m/it on input line 10.
LaTeX Font Info:    ... okay on input line 10.
LaTeX Font Info:    Checking defaults for T1/cmr/m/n on input line 10.
LaTeX Font Info:    ... okay on input line 10.
LaTeX Font Info:    Checking defaults for OT1/cmr/m/n on input line 10.
LaTeX Font Info:    ... okay on input line 10.
LaTeX Font Info:    Checking defaults for OMS/cmsy/m/n on input line 10.
LaTeX Font Info:    ... okay on input line 10.
LaTeX Font Info:    Checking defaults for OMX/cmex/m/n on input line 10.
LaTeX Font Info:    ... okay on input line 10.
LaTeX Font Info:    Checking defaults for U/cmr/m/n on input line 10.
LaTeX Font Info:    ... okay on input line 10.

*geometry* driver: auto-detecting
*geometry* detected driver: pdftex
*geometry* verbose mode - [ preamble ] result:
* driver: pdftex
* paper: a4paper
* layout: <same size as paper>
* layoutoffset:(h,v)=(0.0pt,0.0pt)
* modes: 
* h-part:(L,W,R)=(45.80893pt, 505.89pt, 45.80894pt)
* v-part:(T,H,B)=(43.15723pt, 737.15378pt, 64.73584pt)
* \paperwidth=597.50787pt
* \paperheight=845.04684pt
* \textwidth=505.89pt
* \textheight=737.15378pt
* \oddsidemargin=-26.46106pt
* \evensidemargin=-26.46106pt
* \topmargin=-66.11276pt
* \headheight=12.0pt
* \headsep=25.0pt
* \topskip=10.0pt
* \footskip=30.0pt
* \marginparwidth=65.0pt
* \marginparsep=11.0pt
* \columnsep=10.0pt
* \skip\footins=9.0pt plus 4.0pt minus 2.0pt
* \hoffset=0.0pt
* \voffset=0.0pt
* \mag=1000
* \@twocolumnfalse
* \@twosidefalse
* \@mparswitchfalse
* \@reversemarginfalse
* (1in=72.27pt=25.4mm, 1cm=28.453pt)

(/usr/share/texlive/texmf-dist/tex/context/base/supp-pdf.mkii
[Loading MPS to PDF converter (version 2006.09.02).]
\scratchcounter=\count110
\scratchdimen=\dimen129
\scratchbox=\box29
\nofMPsegments=\count111
\nofMParguments=\count112
\everyMPshowfont=\toks23
\MPscratchCnt=\count113
\MPscratchDim=\dimen130
\MPnumerator=\count114
\makeMPintoPDFobject=\count115
\everyMPtoPDFconversion=\toks24
) (/usr/share/texlive/texmf-dist/tex/generic/oberdiek/pdftexcmds.sty
Package: pdftexcmds 2011/11/29 v0.20 Utility functions of pdfTeX for LuaTeX (HO
)

(/usr/share/texlive/texmf-dist/tex/generic/oberdiek/ifluatex.sty
Package: ifluatex 2010/03/01 v1.3 Provides the ifluatex switch (HO)
Package ifluatex Info: LuaTeX not detected.
)
Package pdftexcmds Info: LuaTeX not detected.
Package pdftexcmds Info: \pdf@primitive is available.
Package pdftexcmds Info: \pdf@ifprimitive is available.
Package pdftexcmds Info: \pdfdraftmode found.
)
(/usr/share/texlive/texmf-dist/tex/latex/oberdiek/epstopdf-base.sty
Package: epstopdf-base 2010/02/09 v2.5 Base part for package epstopdf

(/usr/share/texlive/texmf-dist/tex/latex/oberdiek/grfext.sty
Package: grfext 2010/08/19 v1.1 Manage graphics extensions (HO)

(/usr/share/texlive/texmf-dist/tex/generic/oberdiek/kvdefinekeys.sty
Package: kvdefinekeys 2011/04/07 v1.3 Define keys (HO)
))
(/usr/share/texlive/texmf-dist/tex/latex/oberdiek/kvoptions.sty
Package: kvoptions 2011/06/30 v3.11 Key value format for package options (HO)

(/usr/share/texlive/texmf-dist/tex/generic/oberdiek/kvsetkeys.sty
Package: kvsetkeys 2012/04/25 v1.16 Key value parser (HO)

(/usr/share/texlive/texmf-dist/tex/generic/oberdiek/etexcmds.sty
Package: etexcmds 2011/02/16 v1.5 Avoid name clashes with e-TeX commands (HO)
Package etexcmds Info: Could not find \expanded.
(etexcmds)             That can mean that you are not using pdfTeX 1.50 or
(etexcmds)             that some package has redefined \expanded.
(etexcmds)             In the latter case, load this package earlier.
)))
Package grfext Info: Graphics extension search list:
(grfext)             [.png,.pdf,.jpg,.mps,.jpeg,.jbig2,.jb2,.PNG,.PDF,.JPG,.JPE
G,.JBIG2,.JB2,.eps]
(grfext)             \AppendGraphicsExtensions on input line 452.

(/usr/share/texlive/texmf-dist/tex/latex/latexconfig/epstopdf-sys.cfg
File: epstopdf-sys.cfg 2010/07/13 v1.3 Configuration of (r)epstopdf for TeX Liv
e
))
(/usr/share/texlive/texmf-dist/tex/latex/ms/ragged2e.sty
Package: ragged2e 2009/05/21 v2.1 ragged2e Package (MS)

(/usr/share/texlive/texmf-dist/tex/latex/ms/everysel.sty
Package: everysel 2011/10/28 v1.2 EverySelectfont Package (MS)

ABD: EverySelectfont initializing macros
LaTeX Info: Redefining \selectfont on input line 126.
)
\CenteringLeftskip=\skip52
\RaggedLeftLeftskip=\skip53
\RaggedRightLeftskip=\skip54
\CenteringRightskip=\skip55
\RaggedLeftRightskip=\skip56
\RaggedRightRightskip=\skip57
\CenteringParfillskip=\skip58
\RaggedLeftParfillskip=\skip59
\RaggedRightParfillskip=\skip60
\JustifyingParfillskip=\skip61
\CenteringParindent=\skip62
\RaggedLeftParindent=\skip63
\RaggedRightParindent=\skip64
\JustifyingParindent=\skip65
)
Package epstopdf Info: Source file: <ex011.eps>
(epstopdf)                    date: 2018-06-11 14:18:53
(epstopdf)                    size: 5710098 bytes
(epstopdf)             Output file: <ex011-eps-converted-to.pdf>
(epstopdf)                    date: 2018-06-11 16:02:55
(epstopdf)                    size: 698528 bytes
(epstopdf)             Command: <repstopdf --outfile=ex011-eps-converted-to.pdf
 ex011.eps>
(epstopdf)             \includegraphics on input line 57.
Package epstopdf Info: Output file is already uptodate.

<ex011-eps-converted-to.pdf, id=1, 361.35pt x 216.81pt>
File: ex011-eps-converted-to.pdf Graphic file (type pdf)

<use ex011-eps-converted-to.pdf>
Package pdftex.def Info: ex011-eps-converted-to.pdf used on input line 57.
(pdftex.def)             Requested size: 404.71353pt x 242.82884pt.
 [1

{/var/lib/texmf/fonts/map/pdftex/updmap/pdftex.map} <./ex011-eps-converted-to.p
df>]
Package epstopdf Info: Source file: <ex012.eps>
(epstopdf)                    date: 2018-06-11 14:18:56
(epstopdf)                    size: 5743554 bytes
(epstopdf)             Output file: <ex012-eps-converted-to.pdf>
(epstopdf)                    date: 2018-06-11 16:03:03
(epstopdf)                    size: 693913 bytes
(epstopdf)             Command: <repstopdf --outfile=ex012-eps-converted-to.pdf
 ex012.eps>
(epstopdf)             \includegraphics on input line 66.
Package epstopdf Info: Output file is already uptodate.

<ex012-eps-converted-to.pdf, id=20, 361.35pt x 216.81pt>
File: ex012-eps-converted-to.pdf Graphic file (type pdf)

<use ex012-eps-converted-to.pdf>
Package pdftex.def Info: ex012-eps-converted-to.pdf used on input line 66.
(pdftex.def)             Requested size: 354.12144pt x 212.47565pt.
Package epstopdf Info: Source file: <ex013.eps>
(epstopdf)                    date: 2018-06-11 14:18:57
(epstopdf)                    size: 2457840 bytes
(epstopdf)             Output file: <ex013-eps-converted-to.pdf>
(epstopdf)                    date: 2018-06-11 16:03:07
(epstopdf)                    size: 316042 bytes
(epstopdf)             Command: <repstopdf --outfile=ex013-eps-converted-to.pdf
 ex013.eps>
(epstopdf)             \includegraphics on input line 96.
Package epstopdf Info: Output file is already uptodate.

<ex013-eps-converted-to.pdf, id=21, 361.35pt x 216.81pt>
File: ex013-eps-converted-to.pdf Graphic file (type pdf)

<use ex013-eps-converted-to.pdf>
Package pdftex.def Info: ex013-eps-converted-to.pdf used on input line 96.
(pdftex.def)             Requested size: 198.74312pt x 119.24586pt.
Package epstopdf Info: Source file: <ex014.eps>
(epstopdf)                    date: 2018-06-11 14:18:58
(epstopdf)                    size: 2457839 bytes
(epstopdf)             Output file: <ex014-eps-converted-to.pdf>
(epstopdf)                    date: 2018-06-11 16:03:10
(epstopdf)                    size: 316041 bytes
(epstopdf)             Command: <repstopdf --outfile=ex014-eps-converted-to.pdf
 ex014.eps>
(epstopdf)             \includegraphics on input line 97.
Package epstopdf Info: Output file is already uptodate.

<ex014-eps-converted-to.pdf, id=22, 361.35pt x 216.81pt>
File: ex014-eps-converted-to.pdf Graphic file (type pdf)

<use ex014-eps-converted-to.pdf>
Package pdftex.def Info: ex014-eps-converted-to.pdf used on input line 97.
(pdftex.def)             Requested size: 198.74312pt x 119.24586pt.
Package epstopdf Info: Source file: <ex015.eps>
(epstopdf)                    date: 2018-06-11 14:18:59
(epstopdf)                    size: 2457455 bytes
(epstopdf)             Output file: <ex015-eps-converted-to.pdf>
(epstopdf)                    date: 2018-06-11 16:03:14
(epstopdf)                    size: 316044 bytes
(epstopdf)             Command: <repstopdf --outfile=ex015-eps-converted-to.pdf
 ex015.eps>
(epstopdf)             \includegraphics on input line 98.
Package epstopdf Info: Output file is already uptodate.

<ex015-eps-converted-to.pdf, id=23, 361.35pt x 216.81pt>
File: ex015-eps-converted-to.pdf Graphic file (type pdf)

<use ex015-eps-converted-to.pdf>
Package pdftex.def Info: ex015-eps-converted-to.pdf used on input line 98.
(pdftex.def)             Requested size: 198.74312pt x 119.24586pt.
 [2 <./ex012-eps-converted-to.pdf> <./ex013-eps-converted-to.pdf> <./ex014-eps-
converted-to.pdf> <./ex015-eps-converted-to.pdf>]
Package epstopdf Info: Source file: <ex0119.eps>
(epstopdf)                    date: 2018-06-11 14:19:14
(epstopdf)                    size: 2517077 bytes
(epstopdf)             Output file: <ex0119-eps-converted-to.pdf>
(epstopdf)                    date: 2018-06-11 16:03:18
(epstopdf)                    size: 327608 bytes
(epstopdf)             Command: <repstopdf --outfile=ex0119-eps-converted-to.pd
f ex0119.eps>
(epstopdf)             \includegraphics on input line 118.
Package epstopdf Info: Output file is already uptodate.
 <ex0119-eps-converted-to.pdf, id=52, 361.35pt x 216.81pt>
File: ex0119-eps-converted-to.pdf Graphic file (type pdf)

<use ex0119-eps-converted-to.pdf>
Package pdftex.def Info: ex0119-eps-converted-to.pdf used on input line 118.
(pdftex.def)             Requested size: 198.74312pt x 119.24586pt.
Package epstopdf Info: Source file: <ex0120.eps>
(epstopdf)                    date: 2018-06-11 14:19:15
(epstopdf)                    size: 2478039 bytes
(epstopdf)             Output file: <ex0120-eps-converted-to.pdf>
(epstopdf)                    date: 2018-06-11 16:03:21
(epstopdf)                    size: 320131 bytes
(epstopdf)             Command: <repstopdf --outfile=ex0120-eps-converted-to.pd
f ex0120.eps>
(epstopdf)             \includegraphics on input line 119.
Package epstopdf Info: Output file is already uptodate.

<ex0120-eps-converted-to.pdf, id=53, 361.35pt x 216.81pt>
File: ex0120-eps-converted-to.pdf Graphic file (type pdf)

<use ex0120-eps-converted-to.pdf>
Package pdftex.def Info: ex0120-eps-converted-to.pdf used on input line 119.
(pdftex.def)             Requested size: 198.74312pt x 119.24586pt.
Package epstopdf Info: Source file: <ex0121.eps>
(epstopdf)                    date: 2018-06-11 14:19:17
(epstopdf)                    size: 2478471 bytes
(epstopdf)             Output file: <ex0121-eps-converted-to.pdf>
(epstopdf)                    date: 2018-06-11 16:03:25
(epstopdf)                    size: 320354 bytes
(epstopdf)             Command: <repstopdf --outfile=ex0121-eps-converted-to.pd
f ex0121.eps>
(epstopdf)             \includegraphics on input line 120.
Package epstopdf Info: Output file is already uptodate.

<ex0121-eps-converted-to.pdf, id=54, 361.35pt x 216.81pt>
File: ex0121-eps-converted-to.pdf Graphic file (type pdf)

<use ex0121-eps-converted-to.pdf>
Package pdftex.def Info: ex0121-eps-converted-to.pdf used on input line 120.
(pdftex.def)             Requested size: 198.74312pt x 119.24586pt.
Package epstopdf Info: Source file: <ex016.eps>
(epstopdf)                    date: 2018-06-11 16:55:04
(epstopdf)                    size: 6497336 bytes
(epstopdf)             Output file: <ex016-eps-converted-to.pdf>
(epstopdf)                    date: 2018-06-11 17:00:58
(epstopdf)                    size: 712372 bytes
(epstopdf)             Command: <repstopdf --outfile=ex016-eps-converted-to.pdf
 ex016.eps>
(epstopdf)             \includegraphics on input line 134.
Package epstopdf Info: Output file is already uptodate.

<ex016-eps-converted-to.pdf, id=55, 361.35pt x 216.81pt>
File: ex016-eps-converted-to.pdf Graphic file (type pdf)

<use ex016-eps-converted-to.pdf>
Package pdftex.def Info: ex016-eps-converted-to.pdf used on input line 134.
(pdftex.def)             Requested size: 234.87471pt x 140.92482pt.
Package epstopdf Info: Source file: <ex0122.eps>
(epstopdf)                    date: 2018-06-11 16:55:21
(epstopdf)                    size: 6528402 bytes
(epstopdf)             Output file: <ex0122-eps-converted-to.pdf>
(epstopdf)                    date: 2018-06-11 17:01:05
(epstopdf)                    size: 617114 bytes
(epstopdf)             Command: <repstopdf --outfile=ex0122-eps-converted-to.pd
f ex0122.eps>
(epstopdf)             \includegraphics on input line 135.
Package epstopdf Info: Output file is already uptodate.

<ex0122-eps-converted-to.pdf, id=56, 361.35pt x 216.81pt>
File: ex0122-eps-converted-to.pdf Graphic file (type pdf)

<use ex0122-eps-converted-to.pdf>
Package pdftex.def Info: ex0122-eps-converted-to.pdf used on input line 135.
(pdftex.def)             Requested size: 234.87471pt x 140.92482pt.
 [3 <./ex0119-eps-converted-to.pdf> <./ex0120-eps-converted-to.pdf> <./ex0121-e
ps-converted-to.pdf> <./ex016-eps-converted-to.pdf> <./ex0122-eps-converted-to.
pdf>]
Package epstopdf Info: Source file: <ex0117.eps>
(epstopdf)                    date: 2018-06-11 16:55:14
(epstopdf)                    size: 1122602 bytes
(epstopdf)             Output file: <ex0117-eps-converted-to.pdf>
(epstopdf)                    date: 2018-06-12 10:25:44
(epstopdf)                    size: 201892 bytes
(epstopdf)             Command: <repstopdf --outfile=ex0117-eps-converted-to.pd
f ex0117.eps>
(epstopdf)             \includegraphics on input line 156.
Package epstopdf Info: Output file is already uptodate.

<ex0117-eps-converted-to.pdf, id=91, 361.35pt x 216.81pt>
File: ex0117-eps-converted-to.pdf Graphic file (type pdf)

<use ex0117-eps-converted-to.pdf>
Package pdftex.def Info: ex0117-eps-converted-to.pdf used on input line 156.
(pdftex.def)             Requested size: 271.01184pt x 162.60709pt.
Package epstopdf Info: Source file: <ex0116.eps>
(epstopdf)                    date: 2018-06-11 16:55:13
(epstopdf)                    size: 1359226 bytes
(epstopdf)             Output file: <ex0116-eps-converted-to.pdf>
(epstopdf)                    date: 2018-06-12 10:25:47
(epstopdf)                    size: 234011 bytes
(epstopdf)             Command: <repstopdf --outfile=ex0116-eps-converted-to.pd
f ex0116.eps>
(epstopdf)             \includegraphics on input line 157.
Package epstopdf Info: Output file is already uptodate.

<ex0116-eps-converted-to.pdf, id=92, 361.35pt x 216.81pt>
File: ex0116-eps-converted-to.pdf Graphic file (type pdf)

<use ex0116-eps-converted-to.pdf>
Package pdftex.def Info: ex0116-eps-converted-to.pdf used on input line 157.
(pdftex.def)             Requested size: 271.01184pt x 162.60709pt.
Package epstopdf Info: Source file: <ex0118.eps>
(epstopdf)                    date: 2018-06-11 16:55:14
(epstopdf)                    size: 1669485 bytes
(epstopdf)             Output file: <ex0118-eps-converted-to.pdf>
(epstopdf)                    date: 2018-06-12 10:25:49
(epstopdf)                    size: 159695 bytes
(epstopdf)             Command: <repstopdf --outfile=ex0118-eps-converted-to.pd
f ex0118.eps>
(epstopdf)             \includegraphics on input line 158.
Package epstopdf Info: Output file is already uptodate.

<ex0118-eps-converted-to.pdf, id=93, 361.35pt x 216.81pt>
File: ex0118-eps-converted-to.pdf Graphic file (type pdf)

<use ex0118-eps-converted-to.pdf>
Package pdftex.def Info: ex0118-eps-converted-to.pdf used on input line 158.
(pdftex.def)             Requested size: 271.01184pt x 162.60709pt.
 [4 <./ex0117-eps-converted-to.pdf> <./ex0116-eps-converted-to.pdf> <./ex0118-e
ps-converted-to.pdf>]
Package epstopdf Info: Source file: <ex0111.eps>
(epstopdf)                    date: 2018-06-11 16:55:09
(epstopdf)                    size: 1124438 bytes
(epstopdf)             Output file: <ex0111-eps-converted-to.pdf>
(epstopdf)                    date: 2018-06-12 10:25:00
(epstopdf)                    size: 198457 bytes
(epstopdf)             Command: <repstopdf --outfile=ex0111-eps-converted-to.pd
f ex0111.eps>
(epstopdf)             \includegraphics on input line 169.
Package epstopdf Info: Output file is already uptodate.

<ex0111-eps-converted-to.pdf, id=127, 361.35pt x 216.81pt>
File: ex0111-eps-converted-to.pdf Graphic file (type pdf)

<use ex0111-eps-converted-to.pdf>
Package pdftex.def Info: ex0111-eps-converted-to.pdf used on input line 169.
(pdftex.def)             Requested size: 216.81168pt x 130.08699pt.
Package epstopdf Info: Source file: <ex0110.eps>
(epstopdf)                    date: 2018-06-11 16:55:08
(epstopdf)                    size: 1359248 bytes
(epstopdf)             Output file: <ex0110-eps-converted-to.pdf>
(epstopdf)                    date: 2018-06-12 10:25:03
(epstopdf)                    size: 230658 bytes
(epstopdf)             Command: <repstopdf --outfile=ex0110-eps-converted-to.pd
f ex0110.eps>
(epstopdf)             \includegraphics on input line 170.
Package epstopdf Info: Output file is already uptodate.

<ex0110-eps-converted-to.pdf, id=128, 361.35pt x 216.81pt>
File: ex0110-eps-converted-to.pdf Graphic file (type pdf)

<use ex0110-eps-converted-to.pdf>
Package pdftex.def Info: ex0110-eps-converted-to.pdf used on input line 170.
(pdftex.def)             Requested size: 216.81168pt x 130.08699pt.
Package epstopdf Info: Source file: <ex0112.eps>
(epstopdf)                    date: 2018-06-11 16:55:10
(epstopdf)                    size: 1658288 bytes
(epstopdf)             Output file: <ex0112-eps-converted-to.pdf>
(epstopdf)                    date: 2018-06-12 10:25:05
(epstopdf)                    size: 190210 bytes
(epstopdf)             Command: <repstopdf --outfile=ex0112-eps-converted-to.pd
f ex0112.eps>
(epstopdf)             \includegraphics on input line 171.
Package epstopdf Info: Output file is already uptodate.

<ex0112-eps-converted-to.pdf, id=129, 361.35pt x 216.81pt>
File: ex0112-eps-converted-to.pdf Graphic file (type pdf)

<use ex0112-eps-converted-to.pdf>
Package pdftex.def Info: ex0112-eps-converted-to.pdf used on input line 171.
(pdftex.def)             Requested size: 216.81168pt x 130.08699pt.
Package epstopdf Info: Source file: <ex0114.eps>
(epstopdf)                    date: 2018-06-11 16:55:11
(epstopdf)                    size: 1124104 bytes
(epstopdf)             Output file: <ex0114-eps-converted-to.pdf>
(epstopdf)                    date: 2018-06-12 10:25:07
(epstopdf)                    size: 202288 bytes
(epstopdf)             Command: <repstopdf --outfile=ex0114-eps-converted-to.pd
f ex0114.eps>
(epstopdf)             \includegraphics on input line 180.
Package epstopdf Info: Output file is already uptodate.

<ex0114-eps-converted-to.pdf, id=130, 361.35pt x 216.81pt>
File: ex0114-eps-converted-to.pdf Graphic file (type pdf)

<use ex0114-eps-converted-to.pdf>
Package pdftex.def Info: ex0114-eps-converted-to.pdf used on input line 180.
(pdftex.def)             Requested size: 216.81168pt x 130.08699pt.
Package epstopdf Info: Source file: <ex0113.eps>
(epstopdf)                    date: 2018-06-11 16:55:11
(epstopdf)                    size: 1359052 bytes
(epstopdf)             Output file: <ex0113-eps-converted-to.pdf>
(epstopdf)                    date: 2018-06-12 10:25:09
(epstopdf)                    size: 234592 bytes
(epstopdf)             Command: <repstopdf --outfile=ex0113-eps-converted-to.pd
f ex0113.eps>
(epstopdf)             \includegraphics on input line 181.
Package epstopdf Info: Output file is already uptodate.

<ex0113-eps-converted-to.pdf, id=131, 361.35pt x 216.81pt>
File: ex0113-eps-converted-to.pdf Graphic file (type pdf)

<use ex0113-eps-converted-to.pdf>
Package pdftex.def Info: ex0113-eps-converted-to.pdf used on input line 181.
(pdftex.def)             Requested size: 216.81168pt x 130.08699pt.
Package epstopdf Info: Source file: <ex0115.eps>
(epstopdf)                    date: 2018-06-11 16:55:12
(epstopdf)                    size: 1664895 bytes
(epstopdf)             Output file: <ex0115-eps-converted-to.pdf>
(epstopdf)                    date: 2018-06-12 10:25:12
(epstopdf)                    size: 176633 bytes
(epstopdf)             Command: <repstopdf --outfile=ex0115-eps-converted-to.pd
f ex0115.eps>
(epstopdf)             \includegraphics on input line 182.
Package epstopdf Info: Output file is already uptodate.

<ex0115-eps-converted-to.pdf, id=132, 361.35pt x 216.81pt>
File: ex0115-eps-converted-to.pdf Graphic file (type pdf)

<use ex0115-eps-converted-to.pdf>
Package pdftex.def Info: ex0115-eps-converted-to.pdf used on input line 182.
(pdftex.def)             Requested size: 216.81168pt x 130.08699pt.
 [5 <./ex0111-eps-converted-to.pdf> <./ex0110-eps-converted-to.pdf> <./ex0112-e
ps-converted-to.pdf> <./ex0114-eps-converted-to.pdf> <./ex0113-eps-converted-to
.pdf> <./ex0115-eps-converted-to.pdf>]
Package epstopdf Info: Source file: <ex021avelocitVerletposicoesdocometa.eps>
(epstopdf)                    date: 2018-06-12 12:00:24
(epstopdf)                    size: 940654 bytes
(epstopdf)             Output file: <ex021avelocitVerletposicoesdocometa-eps-co
nverted-to.pdf>
(epstopdf)                    date: 2018-06-12 18:29:54
(epstopdf)                    size: 124975 bytes
(epstopdf)             Command: <repstopdf --outfile=ex021avelocitVerletposicoe
sdocometa-eps-converted-to.pdf ex021avelocitVerletposicoesdocometa.eps>
(epstopdf)             \includegraphics on input line 217.
Package epstopdf Info: Output file is already uptodate.

<ex021avelocitVerletposicoesdocometa-eps-converted-to.pdf, id=180, 361.35pt x 2
16.81pt>
File: ex021avelocitVerletposicoesdocometa-eps-converted-to.pdf Graphic file (ty
pe pdf)
 <use ex021avelocitVerletposicoesdocometa-eps-converted-to.pdf>
Package pdftex.def Info: ex021avelocitVerletposicoesdocometa-eps-converted-to.p
df used on input line 217.
(pdftex.def)             Requested size: 289.0804pt x 173.44823pt.
Package epstopdf Info: Source file: <ex022avelocitverletvelocidadesdocometa.eps
>
(epstopdf)                    date: 2018-06-06 11:20:40
(epstopdf)                    size: 2288300 bytes
(epstopdf)             Output file: <ex022avelocitverletvelocidadesdocometa-eps
-converted-to.pdf>
(epstopdf)                    date: 2018-06-12 11:34:29
(epstopdf)                    size: 100250 bytes
(epstopdf)             Command: <repstopdf --outfile=ex022avelocitverletvelocid
adesdocometa-eps-converted-to.pdf ex022avelocitverletvelocidadesdocometa.eps>
(epstopdf)             \includegraphics on input line 218.
Package epstopdf Info: Output file is already uptodate.

<ex022avelocitverletvelocidadesdocometa-eps-converted-to.pdf, id=181, 361.35pt 
x 216.81pt>
File: ex022avelocitverletvelocidadesdocometa-eps-converted-to.pdf Graphic file 
(type pdf)
 <use ex022avelocitverletvelocidadesdocometa-eps-converted-to.pdf>
Package pdftex.def Info: ex022avelocitverletvelocidadesdocometa-eps-converted-t
o.pdf used on input line 218.
(pdftex.def)             Requested size: 289.0804pt x 173.44823pt.

[6 <./ex021avelocitVerletposicoesdocometa-eps-converted-to.pdf> <./ex022aveloci
tverletvelocidadesdocometa-eps-converted-to.pdf>]
Package epstopdf Info: Source file: <ex024bEnergiaCineticadocometa.eps>
(epstopdf)                    date: 2018-06-12 12:00:27
(epstopdf)                    size: 1195158 bytes
(epstopdf)             Output file: <ex024bEnergiaCineticadocometa-eps-converte
d-to.pdf>
(epstopdf)                    date: 2018-06-12 18:54:22
(epstopdf)                    size: 86890 bytes
(epstopdf)             Command: <repstopdf --outfile=ex024bEnergiaCineticadocom
eta-eps-converted-to.pdf ex024bEnergiaCineticadocometa.eps>
(epstopdf)             \includegraphics on input line 237.
Package epstopdf Info: Output file is already uptodate.

<ex024bEnergiaCineticadocometa-eps-converted-to.pdf, id=211, 361.35pt x 216.81p
t>
File: ex024bEnergiaCineticadocometa-eps-converted-to.pdf Graphic file (type pdf
)
 <use ex024bEnergiaCineticadocometa-eps-converted-to.pdf>
Package pdftex.def Info: ex024bEnergiaCineticadocometa-eps-converted-to.pdf use
d on input line 237.
(pdftex.def)             Requested size: 234.87471pt x 140.92482pt.
Package epstopdf Info: Source file: <ex023bEnergiaPotencialdocometa.eps>
(epstopdf)                    date: 2018-06-12 12:00:27
(epstopdf)                    size: 2283516 bytes
(epstopdf)             Output file: <ex023bEnergiaPotencialdocometa-eps-convert
ed-to.pdf>
(epstopdf)                    date: 2018-06-12 18:54:26
(epstopdf)                    size: 146376 bytes
(epstopdf)             Command: <repstopdf --outfile=ex023bEnergiaPotencialdoco
meta-eps-converted-to.pdf ex023bEnergiaPotencialdocometa.eps>
(epstopdf)             \includegraphics on input line 238.
Package epstopdf Info: Output file is already uptodate.

<ex023bEnergiaPotencialdocometa-eps-converted-to.pdf, id=212, 361.35pt x 216.81
pt>
File: ex023bEnergiaPotencialdocometa-eps-converted-to.pdf Graphic file (type pd
f)
 <use ex023bEnergiaPotencialdocometa-eps-converted-to.pdf>
Package pdftex.def Info: ex023bEnergiaPotencialdocometa-eps-converted-to.pdf us
ed on input line 238.
(pdftex.def)             Requested size: 234.87471pt x 140.92482pt.
Package epstopdf Info: Source file: <ex025bEnergiaMecanicadocometa.eps>
(epstopdf)                    date: 2018-06-12 12:00:28
(epstopdf)                    size: 1131568 bytes
(epstopdf)             Output file: <ex025bEnergiaMecanicadocometa-eps-converte
d-to.pdf>
(epstopdf)                    date: 2018-06-12 18:54:28
(epstopdf)                    size: 76261 bytes
(epstopdf)             Command: <repstopdf --outfile=ex025bEnergiaMecanicadocom
eta-eps-converted-to.pdf ex025bEnergiaMecanicadocometa.eps>
(epstopdf)             \includegraphics on input line 239.
Package epstopdf Info: Output file is already uptodate.

<ex025bEnergiaMecanicadocometa-eps-converted-to.pdf, id=213, 361.35pt x 216.81p
t>
File: ex025bEnergiaMecanicadocometa-eps-converted-to.pdf Graphic file (type pdf
)
 <use ex025bEnergiaMecanicadocometa-eps-converted-to.pdf>
Package pdftex.def Info: ex025bEnergiaMecanicadocometa-eps-converted-to.pdf use
d on input line 239.
(pdftex.def)             Requested size: 234.87471pt x 140.92482pt.
Package epstopdf Info: Source file: <ex026bMomentoAngulardocometa.eps>
(epstopdf)                    date: 2018-06-12 12:00:31
(epstopdf)                    size: 1201779 bytes
(epstopdf)             Output file: <ex026bMomentoAngulardocometa-eps-converted
-to.pdf>
(epstopdf)                    date: 2018-06-12 18:54:29
(epstopdf)                    size: 83776 bytes
(epstopdf)             Command: <repstopdf --outfile=ex026bMomentoAngulardocome
ta-eps-converted-to.pdf ex026bMomentoAngulardocometa.eps>
(epstopdf)             \includegraphics on input line 240.
Package epstopdf Info: Output file is already uptodate.

<ex026bMomentoAngulardocometa-eps-converted-to.pdf, id=214, 361.35pt x 216.81pt
>
File: ex026bMomentoAngulardocometa-eps-converted-to.pdf Graphic file (type pdf)

 <use ex026bMomentoAngulardocometa-eps-converted-to.pdf>
Package pdftex.def Info: ex026bMomentoAngulardocometa-eps-converted-to.pdf used
 on input line 240.
(pdftex.def)             Requested size: 216.81168pt x 130.08699pt.
Package epstopdf Info: Source file: <ex027bUKE.eps>
(epstopdf)                    date: 2018-06-12 12:00:30
(epstopdf)                    size: 4671905 bytes
(epstopdf)             Output file: <ex027bUKE-eps-converted-to.pdf>
(epstopdf)                    date: 2018-06-12 19:12:35
(epstopdf)                    size: 280950 bytes
(epstopdf)             Command: <repstopdf --outfile=ex027bUKE-eps-converted-to
.pdf ex027bUKE.eps>
(epstopdf)             \includegraphics on input line 247.
Package epstopdf Info: Output file is already uptodate.

<ex027bUKE-eps-converted-to.pdf, id=215, 361.35pt x 216.81pt>
File: ex027bUKE-eps-converted-to.pdf Graphic file (type pdf)

<use ex027bUKE-eps-converted-to.pdf>
Package pdftex.def Info: ex027bUKE-eps-converted-to.pdf used on input line 247.

(pdftex.def)             Requested size: 354.12144pt x 212.47565pt.
 [7 <./ex024bEnergiaCineticadocometa-eps-converted-to.pdf> <./ex023bEnergiaPote
ncialdocometa-eps-converted-to.pdf> <./ex025bEnergiaMecanicadocometa-eps-conver
ted-to.pdf> <./ex026bMomentoAngulardocometa-eps-converted-to.pdf> <./ex027bUKE-
eps-converted-to.pdf>] [8] [9

]
(./Relatorio.aux) ) 
Here is how much of TeX's memory you used:
 3711 strings out of 493304
 51977 string characters out of 6139871
 123552 words of memory out of 5000000
 7084 multiletter control sequences out of 15000+600000
 5926 words of font info for 22 fonts, out of 8000000 for 9000
 957 hyphenation exceptions out of 8191
 38i,8n,31p,292b,254s stack positions out of 5000i,500n,10000p,200000b,80000s
</usr/share/texlive/texmf-dist/fonts/type1/public/amsfonts/c
m/cmbx10.pfb></usr/share/texlive/texmf-dist/fonts/type1/public/amsfonts/cm/cmbx
12.pfb></usr/share/texlive/texmf-dist/fonts/type1/public/amsfonts/cm/cmex10.pfb
></usr/share/texlive/texmf-dist/fonts/type1/public/amsfonts/cm/cmmi10.pfb></usr
/share/texlive/texmf-dist/fonts/type1/public/amsfonts/cm/cmmi5.pfb></usr/share/
texlive/texmf-dist/fonts/type1/public/amsfonts/cm/cmmi7.pfb></usr/share/texlive
/texmf-dist/fonts/type1/public/amsfonts/cm/cmr10.pfb></usr/share/texlive/texmf-
dist/fonts/type1/public/amsfonts/cm/cmr5.pfb></usr/share/texlive/texmf-dist/fon
ts/type1/public/amsfonts/cm/cmr7.pfb></usr/share/texlive/texmf-dist/fonts/type1
/public/amsfonts/cm/cmr8.pfb></usr/share/texlive/texmf-dist/fonts/type1/public/
amsfonts/cm/cmsy10.pfb></usr/share/texlive/texmf-dist/fonts/type1/public/amsfon
ts/cm/cmsy7.pfb>
Output written on Relatorio.pdf (9 pages, 7432215 bytes).
PDF statistics:
 308 PDF objects out of 1000 (max. 8388607)
 186 compressed objects within 2 object streams
 0 named destinations out of 1000 (max. 500000)
 131 words of extra memory for PDF output out of 10000 (max. 10000000)

